Base path: C:/Program Files (x86)/Unity/Editor/Data
Pipe name: \\.\pipe\UnityShaderCompiler-1-5956
Cmd: getPlatforms
Cmd: preprocess
  insize=598 outsize=980 ok=1
Cmd: compileSnippet
  api=1 type=0 insize=4171 outsize=548 kw=DIRECTIONAL LIGHTMAP_OFF DIRLIGHTMAP_OFF ok=1
Cmd: compileSnippet
  api=1 type=1 insize=4171 outsize=251 kw=DIRECTIONAL LIGHTMAP_OFF DIRLIGHTMAP_OFF ok=1
Cmd: compileSnippet
  api=1 type=0 insize=2157 outsize=336 kw=POINT ok=1
Cmd: compileSnippet
  api=1 type=1 insize=2157 outsize=378 kw=POINT ok=1
Cmd: preprocess
  insize=812 outsize=854 ok=1
Cmd: compileSnippet
  api=1 type=0 insize=4435 outsize=548 kw=DIRECTIONAL SHADOWS_OFF LIGHTMAP_OFF DIRLIGHTMAP_OFF ok=1
Cmd: compileSnippet
  api=1 type=1 insize=4435 outsize=266 kw=DIRECTIONAL SHADOWS_OFF LIGHTMAP_OFF DIRLIGHTMAP_OFF ok=1
Cmd: compileSnippet
  api=1 type=0 insize=2439 outsize=336 kw=POINT ok=1
Cmd: compileSnippet
  api=1 type=1 insize=2439 outsize=393 kw=POINT ok=1
Cmd: preprocess
  insize=631 outsize=294 ok=1
Cmd: compileSnippet
  api=1 type=0 insize=618 outsize=100 kw= ok=1
Cmd: compileSnippet
  api=1 type=1 insize=618 outsize=19 kw= ok=1
Cmd: preprocess
  insize=5871 outsize=2915 ok=1
Cmd: compileSnippet
  api=1 type=0 insize=3155 outsize=735 kw= ok=1
Cmd: compileSnippet
  api=1 type=1 insize=3155 outsize=1442 kw= ok=1
Cmd: preprocess
  insize=1089 outsize=454 ok=1
Cmd: compileSnippet
  api=1 type=0 insize=905 outsize=145 kw= ok=1
Cmd: compileSnippet
  api=1 type=1 insize=905 outsize=74 kw= ok=1
Cmd: preprocess
  insize=749 outsize=412 ok=1
Cmd: compileSnippet
  api=1 type=0 insize=620 outsize=100 kw= ok=1
Cmd: compileSnippet
  api=1 type=1 insize=620 outsize=19 kw= ok=1
Cmd: preprocess
  insize=567 outsize=567 ok=1
Cmd: preprocess
  insize=1975 outsize=626 ok=1
Cmd: compileSnippet
  api=1 type=0 insize=1590 outsize=398 kw= ok=1
Cmd: compileSnippet
  api=1 type=1 insize=1590 outsize=199 kw= ok=1
Cmd: preprocess
  insize=686 outsize=1313 ok=1
Cmd: compileSnippet
  api=1 type=0 insize=4971 outsize=668 kw=DIRECTIONAL SHADOWS_OFF LIGHTMAP_OFF DIRLIGHTMAP_OFF ok=1
Cmd: compileSnippet
  api=1 type=1 insize=4971 outsize=331 kw=DIRECTIONAL SHADOWS_OFF LIGHTMAP_OFF DIRLIGHTMAP_OFF ok=1
Cmd: compileSnippet
  api=1 type=0 insize=2508 outsize=405 kw=POINT ok=1
Cmd: compileSnippet
  api=1 type=1 insize=2508 outsize=417 kw=POINT ok=1
Cmd: compileSnippet
  api=1 type=0 insize=1885 outsize=190 kw= ok=1
Cmd: compileSnippet
  api=1 type=1 insize=1885 outsize=118 kw= ok=1
Cmd: compileSnippet
  api=1 type=0 insize=4376 outsize=639 kw=LIGHTMAP_OFF DIRLIGHTMAP_OFF HDR_LIGHT_PREPASS_OFF ok=1
Cmd: compileSnippet
  api=1 type=1 insize=4376 outsize=294 kw=LIGHTMAP_OFF DIRLIGHTMAP_OFF HDR_LIGHT_PREPASS_OFF ok=1
Cmd: compileSnippet
  api=1 type=0 insize=2157 outsize=206 kw=DIRECTIONAL ok=1
Cmd: compileSnippet
  api=1 type=1 insize=2157 outsize=243 kw=DIRECTIONAL ok=1
Cmd: compileSnippet
  api=1 type=0 insize=2439 outsize=206 kw=DIRECTIONAL ok=1
Cmd: compileSnippet
  api=1 type=1 insize=2439 outsize=258 kw=DIRECTIONAL ok=1
Cmd: compileSnippet
  api=1 type=0 insize=2508 outsize=326 kw=DIRECTIONAL ok=1
Cmd: compileSnippet
  api=1 type=1 insize=2508 outsize=280 kw=DIRECTIONAL ok=1
Cmd: compileSnippet
  api=1 type=0 insize=4171 outsize=548 kw=DIRECTIONAL LIGHTMAP_OFF DIRLIGHTMAP_OFF ok=1
Cmd: compileSnippet
  api=1 type=1 insize=4171 outsize=251 kw=DIRECTIONAL LIGHTMAP_OFF DIRLIGHTMAP_OFF ok=1
Cmd: compileSnippet
  api=1 type=0 insize=2157 outsize=206 kw=DIRECTIONAL ok=1
Cmd: compileSnippet
  api=1 type=1 insize=2157 outsize=243 kw=DIRECTIONAL ok=1
Cmd: compileSnippet
  api=1 type=0 insize=3155 outsize=735 kw= ok=1
Cmd: compileSnippet
  api=1 type=1 insize=3155 outsize=1442 kw= ok=1
Cmd: compileSnippet
  api=1 type=0 insize=4435 outsize=548 kw=DIRECTIONAL SHADOWS_OFF LIGHTMAP_OFF DIRLIGHTMAP_OFF ok=1
Cmd: compileSnippet
  api=1 type=1 insize=4435 outsize=266 kw=DIRECTIONAL SHADOWS_OFF LIGHTMAP_OFF DIRLIGHTMAP_OFF ok=1
Cmd: compileSnippet
  api=1 type=0 insize=2439 outsize=206 kw=DIRECTIONAL ok=1
Cmd: compileSnippet
  api=1 type=1 insize=2439 outsize=258 kw=DIRECTIONAL ok=1
Cmd: compileSnippet
  api=1 type=0 insize=4971 outsize=668 kw=DIRECTIONAL SHADOWS_OFF LIGHTMAP_OFF DIRLIGHTMAP_OFF ok=1
Cmd: compileSnippet
  api=1 type=1 insize=4971 outsize=331 kw=DIRECTIONAL SHADOWS_OFF LIGHTMAP_OFF DIRLIGHTMAP_OFF ok=1
Cmd: compileSnippet
  api=1 type=0 insize=2508 outsize=326 kw=DIRECTIONAL ok=1
Cmd: compileSnippet
  api=1 type=1 insize=2508 outsize=280 kw=DIRECTIONAL ok=1
Cmd: compileSnippet
  api=1 type=0 insize=905 outsize=145 kw= ok=1
Cmd: compileSnippet
  api=1 type=1 insize=905 outsize=74 kw= ok=1
